<?xml version="1.0" encoding="UTF-8"?>
<testng-results skipped="0" failed="0" ignored="0" total="2" passed="2">
  <reporter-output>
  </reporter-output>
  <suite name="opencartSuite" duration-ms="10254" started-at="2021-08-18T22:57:27 EDT" finished-at="2021-08-18T22:57:37 EDT">
    <groups>
      <group name="regression">
        <method signature="TC_001_AccountRegistration.test_account_Registration()[pri:0, instance:testCases.TC_001_AccountRegistration@23d2a7e8]" name="test_account_Registration" class="testCases.TC_001_AccountRegistration"/>
      </group> <!-- regression -->
      <group name="sanity">
        <method signature="TC_002_Login.test_Login()[pri:0, instance:testCases.TC_002_Login@7a9273a8]" name="test_Login" class="testCases.TC_002_Login"/>
      </group> <!-- sanity -->
      <group name="master">
        <method signature="TC_001_AccountRegistration.test_account_Registration()[pri:0, instance:testCases.TC_001_AccountRegistration@23d2a7e8]" name="test_account_Registration" class="testCases.TC_001_AccountRegistration"/>
        <method signature="TC_002_Login.test_Login()[pri:0, instance:testCases.TC_002_Login@7a9273a8]" name="test_Login" class="testCases.TC_002_Login"/>
      </group> <!-- master -->
    </groups>
    <test name="openCartTests" duration-ms="10254" started-at="2021-08-18T22:57:27 EDT" finished-at="2021-08-18T22:57:37 EDT">
      <class name="testCases.TC_002_Login">
        <test-method status="PASS" signature="setUp(java.lang.String)[pri:0, instance:testCases.TC_002_Login@7a9273a8]" name="setUp" is-config="true" duration-ms="1258" started-at="2021-08-18T22:57:33 EDT" finished-at="2021-08-18T22:57:35 EDT">
          <params>
            <param index="0">
              <value>
                <![CDATA[chrome]]>
              </value>
            </param>
          </params>
          <reporter-output>
          </reporter-output>
        </test-method> <!-- setUp -->
        <test-method status="PASS" signature="test_Login()[pri:0, instance:testCases.TC_002_Login@7a9273a8]" name="test_Login" duration-ms="2591" started-at="2021-08-18T22:57:35 EDT" finished-at="2021-08-18T22:57:37 EDT">
          <reporter-output>
          </reporter-output>
        </test-method> <!-- test_Login -->
        <test-method status="PASS" signature="tearDown()[pri:0, instance:testCases.TC_002_Login@7a9273a8]" name="tearDown" is-config="true" duration-ms="80" started-at="2021-08-18T22:57:37 EDT" finished-at="2021-08-18T22:57:37 EDT">
          <reporter-output>
          </reporter-output>
        </test-method> <!-- tearDown -->
      </class> <!-- testCases.TC_002_Login -->
      <class name="testCases.TC_001_AccountRegistration">
        <test-method status="PASS" signature="setUp(java.lang.String)[pri:0, instance:testCases.TC_001_AccountRegistration@23d2a7e8]" name="setUp" is-config="true" duration-ms="3185" started-at="2021-08-18T22:57:27 EDT" finished-at="2021-08-18T22:57:30 EDT">
          <params>
            <param index="0">
              <value>
                <![CDATA[chrome]]>
              </value>
            </param>
          </params>
          <reporter-output>
          </reporter-output>
        </test-method> <!-- setUp -->
        <test-method status="PASS" signature="test_account_Registration()[pri:0, instance:testCases.TC_001_AccountRegistration@23d2a7e8]" name="test_account_Registration" duration-ms="2790" started-at="2021-08-18T22:57:30 EDT" finished-at="2021-08-18T22:57:33 EDT">
          <reporter-output>
          </reporter-output>
        </test-method> <!-- test_account_Registration -->
        <test-method status="PASS" signature="tearDown()[pri:0, instance:testCases.TC_001_AccountRegistration@23d2a7e8]" name="tearDown" is-config="true" duration-ms="86" started-at="2021-08-18T22:57:33 EDT" finished-at="2021-08-18T22:57:33 EDT">
          <reporter-output>
          </reporter-output>
        </test-method> <!-- tearDown -->
      </class> <!-- testCases.TC_001_AccountRegistration -->
    </test> <!-- openCartTests -->
  </suite> <!-- opencartSuite -->
</testng-results>
