<?xml version="1.0" encoding="UTF-8"?>
<testng-results skipped="0" failed="0" ignored="0" total="1" passed="1">
  <reporter-output>
  </reporter-output>
  <suite name="Failed suite [opencartSuite]" duration-ms="5956" started-at="2021-08-18T12:59:58 EDT" finished-at="2021-08-18T13:00:04 EDT">
    <groups>
      <group name="regression">
        <method signature="TC_001_AccountRegistration.test_account_Registration()[pri:0, instance:testCases.TC_001_AccountRegistration@77846d2c]" name="test_account_Registration" class="testCases.TC_001_AccountRegistration"/>
      </group> <!-- regression -->
      <group name="master">
        <method signature="TC_001_AccountRegistration.test_account_Registration()[pri:0, instance:testCases.TC_001_AccountRegistration@77846d2c]" name="test_account_Registration" class="testCases.TC_001_AccountRegistration"/>
      </group> <!-- master -->
    </groups>
    <test name="openCartTests(failed)" duration-ms="5956" started-at="2021-08-18T12:59:58 EDT" finished-at="2021-08-18T13:00:04 EDT">
      <class name="testCases.TC_001_AccountRegistration">
        <test-method status="PASS" signature="setUp(java.lang.String)[pri:0, instance:testCases.TC_001_AccountRegistration@77846d2c]" name="setUp" is-config="true" duration-ms="2692" started-at="2021-08-18T12:59:58 EDT" finished-at="2021-08-18T13:00:01 EDT">
          <params>
            <param index="0">
              <value>
                <![CDATA[chrome]]>
              </value>
            </param>
          </params>
          <reporter-output>
          </reporter-output>
        </test-method> <!-- setUp -->
        <test-method status="PASS" signature="test_account_Registration()[pri:0, instance:testCases.TC_001_AccountRegistration@77846d2c]" name="test_account_Registration" duration-ms="2934" started-at="2021-08-18T13:00:01 EDT" finished-at="2021-08-18T13:00:04 EDT">
          <reporter-output>
          </reporter-output>
        </test-method> <!-- test_account_Registration -->
        <test-method status="PASS" signature="tearDown()[pri:0, instance:testCases.TC_001_AccountRegistration@77846d2c]" name="tearDown" is-config="true" duration-ms="87" started-at="2021-08-18T13:00:04 EDT" finished-at="2021-08-18T13:00:04 EDT">
          <reporter-output>
          </reporter-output>
        </test-method> <!-- tearDown -->
      </class> <!-- testCases.TC_001_AccountRegistration -->
    </test> <!-- openCartTests(failed) -->
  </suite> <!-- Failed suite [opencartSuite] -->
</testng-results>
